<?xml version="1.0" encoding="UTF-8"?>
<coverage generated="1540678477400" clover="3.2.0">
  <project timestamp="1540678477400" name="All files">
    <metrics statements="68" coveredstatements="63" conditionals="36" coveredconditionals="24" methods="20" coveredmethods="18" elements="124" coveredelements="105" complexity="0" loc="68" ncloc="68" packages="4" files="6" classes="6">
      <package name="action">
        <metrics statements="16" coveredstatements="16" conditionals="0" coveredconditionals="0" methods="6" coveredmethods="6"/>
        <file name="category-actions.js" path="/mnt/c/Users/alexl/Apprenti/401/labs/31-redux/src/action/category-actions.js">
          <metrics statements="8" coveredstatements="8" conditionals="0" coveredconditionals="0" methods="3" coveredmethods="3"/>
          <line num="3" count="1" type="stmt"/>
          <line num="4" count="2" type="stmt"/>
          <line num="5" count="2" type="stmt"/>
          <line num="7" count="2" type="stmt"/>
          <line num="13" count="1" type="stmt"/>
          <line num="14" count="2" type="stmt"/>
          <line num="20" count="1" type="stmt"/>
          <line num="22" count="2" type="stmt"/>
        </file>
        <file name="expense-actions.js" path="/mnt/c/Users/alexl/Apprenti/401/labs/31-redux/src/action/expense-actions.js">
          <metrics statements="8" coveredstatements="8" conditionals="0" coveredconditionals="0" methods="3" coveredmethods="3"/>
          <line num="3" count="1" type="stmt"/>
          <line num="4" count="2" type="stmt"/>
          <line num="5" count="2" type="stmt"/>
          <line num="7" count="2" type="stmt"/>
          <line num="13" count="1" type="stmt"/>
          <line num="14" count="2" type="stmt"/>
          <line num="20" count="1" type="stmt"/>
          <line num="22" count="2" type="stmt"/>
        </file>
      </package>
      <package name="component.category-form">
        <metrics statements="10" coveredstatements="8" conditionals="8" coveredconditionals="4" methods="4" coveredmethods="3"/>
        <file name="index.js" path="/mnt/c/Users/alexl/Apprenti/401/labs/31-redux/src/component/category-form/index.js">
          <metrics statements="10" coveredstatements="8" conditionals="8" coveredconditionals="4" methods="4" coveredmethods="3"/>
          <line num="5" count="2" type="stmt"/>
          <line num="7" count="2" type="stmt"/>
          <line num="15" count="2" type="stmt"/>
          <line num="16" count="2" type="stmt"/>
          <line num="21" count="2" type="stmt"/>
          <line num="22" count="2" type="stmt"/>
          <line num="23" count="2" type="stmt"/>
          <line num="27" count="0" type="stmt"/>
          <line num="28" count="0" type="stmt"/>
          <line num="32" count="4" type="stmt"/>
        </file>
      </package>
      <package name="component.expense-form">
        <metrics statements="11" coveredstatements="8" conditionals="10" coveredconditionals="5" methods="4" coveredmethods="3"/>
        <file name="index.js" path="/mnt/c/Users/alexl/Apprenti/401/labs/31-redux/src/component/expense-form/index.js">
          <metrics statements="11" coveredstatements="8" conditionals="10" coveredconditionals="5" methods="4" coveredmethods="3"/>
          <line num="5" count="2" type="stmt"/>
          <line num="7" count="2" type="stmt"/>
          <line num="16" count="2" type="stmt"/>
          <line num="17" count="2" type="stmt"/>
          <line num="22" count="2" type="stmt"/>
          <line num="23" count="2" type="stmt"/>
          <line num="24" count="2" type="stmt"/>
          <line num="28" count="0" type="stmt"/>
          <line num="29" count="0" type="stmt"/>
          <line num="30" count="0" type="stmt"/>
          <line num="34" count="4" type="stmt"/>
        </file>
      </package>
      <package name="reducer">
        <metrics statements="31" coveredstatements="31" conditionals="18" coveredconditionals="15" methods="6" coveredmethods="6"/>
        <file name="category.js" path="/mnt/c/Users/alexl/Apprenti/401/labs/31-redux/src/reducer/category.js">
          <metrics statements="10" coveredstatements="10" conditionals="7" coveredconditionals="6" methods="3" coveredmethods="3"/>
          <line num="1" count="1" type="stmt"/>
          <line num="4" count="6" type="stmt"/>
          <line num="6" count="6" type="cond" truecount="4" falsecount="0"/>
          <line num="8" count="1" type="stmt"/>
          <line num="11" count="2" type="stmt"/>
          <line num="12" count="2" type="cond" truecount="2" falsecount="0"/>
          <line num="13" count="1" type="stmt"/>
          <line num="14" count="1" type="stmt"/>
          <line num="18" count="2" type="stmt"/>
          <line num="20" count="1" type="stmt"/>
        </file>
        <file name="expense.js" path="/mnt/c/Users/alexl/Apprenti/401/labs/31-redux/src/reducer/expense.js">
          <metrics statements="21" coveredstatements="21" conditionals="11" coveredconditionals="9" methods="3" coveredmethods="3"/>
          <line num="1" count="1" type="stmt"/>
          <line num="2" count="1" type="stmt"/>
          <line num="5" count="7" type="stmt"/>
          <line num="7" count="7" type="cond" truecount="6" falsecount="0"/>
          <line num="9" count="1" type="stmt"/>
          <line num="15" count="1" type="stmt"/>
          <line num="16" count="1" type="stmt"/>
          <line num="17" count="1" type="stmt"/>
          <line num="20" count="1" type="stmt"/>
          <line num="21" count="1" type="stmt"/>
          <line num="24" count="1" type="cond" truecount="1" falsecount="1"/>
          <line num="25" count="1" type="stmt"/>
          <line num="26" count="1" type="stmt"/>
          <line num="28" count="1" type="stmt"/>
          <line num="29" count="1" type="stmt"/>
          <line num="32" count="2" type="stmt"/>
          <line num="33" count="2" type="cond" truecount="2" falsecount="0"/>
          <line num="34" count="1" type="stmt"/>
          <line num="35" count="1" type="stmt"/>
          <line num="37" count="2" type="stmt"/>
          <line num="39" count="1" type="stmt"/>
        </file>
      </package>
    </metrics>
  </project>
</coverage>
