{"/mnt/c/Users/alexl/Apprenti/401/labs/31-redux/src/action/category-actions.js": {"path":"/mnt/c/Users/alexl/Apprenti/401/labs/31-redux/src/action/category-actions.js","statementMap":{"0":{"start":{"line":3,"column":30},"end":{"line":11,"column":1}},"1":{"start":{"line":4,"column":2},"end":{"line":4,"column":23}},"2":{"start":{"line":5,"column":2},"end":{"line":5,"column":34}},"3":{"start":{"line":7,"column":2},"end":{"line":10,"column":3}},"4":{"start":{"line":13,"column":30},"end":{"line":18,"column":1}},"5":{"start":{"line":14,"column":2},"end":{"line":17,"column":3}},"6":{"start":{"line":20,"column":31},"end":{"line":26,"column":1}},"7":{"start":{"line":22,"column":2},"end":{"line":25,"column":3}}},"fnMap":{"0":{"name":"(anonymous_0)","decl":{"start":{"line":3,"column":30},"end":{"line":3,"column":31}},"loc":{"start":{"line":3,"column":42},"end":{"line":11,"column":1}},"line":3},"1":{"name":"(anonymous_1)","decl":{"start":{"line":13,"column":30},"end":{"line":13,"column":31}},"loc":{"start":{"line":13,"column":42},"end":{"line":18,"column":1}},"line":13},"2":{"name":"(anonymous_2)","decl":{"start":{"line":20,"column":31},"end":{"line":20,"column":32}},"loc":{"start":{"line":20,"column":43},"end":{"line":26,"column":1}},"line":20}},"branchMap":{},"s":{"0":1,"1":2,"2":2,"3":2,"4":1,"5":2,"6":1,"7":2},"f":{"0":2,"1":2,"2":2},"b":{},"_coverageSchema":"332fd63041d2c1bcb487cc26dd0d5f7d97098a6c","hash":"6ca6f1dbd1181a17dd925c8055de1729730c3552"}
,"/mnt/c/Users/alexl/Apprenti/401/labs/31-redux/src/action/expense-actions.js": {"path":"/mnt/c/Users/alexl/Apprenti/401/labs/31-redux/src/action/expense-actions.js","statementMap":{"0":{"start":{"line":3,"column":29},"end":{"line":11,"column":1}},"1":{"start":{"line":4,"column":2},"end":{"line":4,"column":22}},"2":{"start":{"line":5,"column":2},"end":{"line":5,"column":33}},"3":{"start":{"line":7,"column":2},"end":{"line":10,"column":3}},"4":{"start":{"line":13,"column":29},"end":{"line":18,"column":1}},"5":{"start":{"line":14,"column":2},"end":{"line":17,"column":3}},"6":{"start":{"line":20,"column":30},"end":{"line":26,"column":1}},"7":{"start":{"line":22,"column":2},"end":{"line":25,"column":3}}},"fnMap":{"0":{"name":"(anonymous_0)","decl":{"start":{"line":3,"column":29},"end":{"line":3,"column":30}},"loc":{"start":{"line":3,"column":40},"end":{"line":11,"column":1}},"line":3},"1":{"name":"(anonymous_1)","decl":{"start":{"line":13,"column":29},"end":{"line":13,"column":30}},"loc":{"start":{"line":13,"column":40},"end":{"line":18,"column":1}},"line":13},"2":{"name":"(anonymous_2)","decl":{"start":{"line":20,"column":30},"end":{"line":20,"column":31}},"loc":{"start":{"line":20,"column":41},"end":{"line":26,"column":1}},"line":20}},"branchMap":{},"s":{"0":1,"1":2,"2":2,"3":2,"4":1,"5":2,"6":1,"7":2},"f":{"0":2,"1":2,"2":2},"b":{},"_coverageSchema":"332fd63041d2c1bcb487cc26dd0d5f7d97098a6c","hash":"6fe8955db607e3d4496f746b76ee1a5f253e62ad"}
,"/mnt/c/Users/alexl/Apprenti/401/labs/31-redux/src/component/category-form/index.js": {"path":"/mnt/c/Users/alexl/Apprenti/401/labs/31-redux/src/component/category-form/index.js","statementMap":{"0":{"start":{"line":5,"column":4},"end":{"line":5,"column":17}},"1":{"start":{"line":7,"column":4},"end":{"line":13,"column":5}},"2":{"start":{"line":15,"column":4},"end":{"line":15,"column":53}},"3":{"start":{"line":16,"column":4},"end":{"line":16,"column":53}},"4":{"start":{"line":21,"column":15},"end":{"line":21,"column":28}},"5":{"start":{"line":22,"column":16},"end":{"line":22,"column":30}},"6":{"start":{"line":23,"column":4},"end":{"line":23,"column":37}},"7":{"start":{"line":27,"column":4},"end":{"line":27,"column":23}},"8":{"start":{"line":28,"column":4},"end":{"line":28,"column":57}},"9":{"start":{"line":32,"column":4},"end":{"line":44,"column":5}}},"fnMap":{"0":{"name":"(anonymous_0)","decl":{"start":{"line":4,"column":2},"end":{"line":4,"column":3}},"loc":{"start":{"line":4,"column":21},"end":{"line":18,"column":3}},"line":4},"1":{"name":"(anonymous_1)","decl":{"start":{"line":20,"column":2},"end":{"line":20,"column":3}},"loc":{"start":{"line":20,"column":18},"end":{"line":24,"column":3}},"line":20},"2":{"name":"(anonymous_2)","decl":{"start":{"line":26,"column":2},"end":{"line":26,"column":3}},"loc":{"start":{"line":26,"column":18},"end":{"line":29,"column":3}},"line":26},"3":{"name":"(anonymous_3)","decl":{"start":{"line":31,"column":2},"end":{"line":31,"column":3}},"loc":{"start":{"line":31,"column":11},"end":{"line":45,"column":3}},"line":31}},"branchMap":{"0":{"loc":{"start":{"line":8,"column":13},"end":{"line":8,"column":55}},"type":"cond-expr","locations":[{"start":{"line":8,"column":30},"end":{"line":8,"column":50}},{"start":{"line":8,"column":53},"end":{"line":8,"column":55}}],"line":8},"1":{"loc":{"start":{"line":9,"column":14},"end":{"line":9,"column":57}},"type":"cond-expr","locations":[{"start":{"line":9,"column":31},"end":{"line":9,"column":52}},{"start":{"line":9,"column":55},"end":{"line":9,"column":57}}],"line":9},"2":{"loc":{"start":{"line":10,"column":10},"end":{"line":10,"column":49}},"type":"cond-expr","locations":[{"start":{"line":10,"column":27},"end":{"line":10,"column":44}},{"start":{"line":10,"column":47},"end":{"line":10,"column":49}}],"line":10},"3":{"loc":{"start":{"line":11,"column":17},"end":{"line":11,"column":63}},"type":"cond-expr","locations":[{"start":{"line":11,"column":34},"end":{"line":11,"column":58}},{"start":{"line":11,"column":61},"end":{"line":11,"column":63}}],"line":11}},"s":{"0":2,"1":2,"2":2,"3":2,"4":2,"5":2,"6":2,"7":0,"8":0,"9":4},"f":{"0":2,"1":2,"2":0,"3":4},"b":{"0":[0,2],"1":[0,2],"2":[0,2],"3":[0,2]},"_coverageSchema":"332fd63041d2c1bcb487cc26dd0d5f7d97098a6c","hash":"2022d788cd5da373caf062525d6ea76793b0bc57"}
,"/mnt/c/Users/alexl/Apprenti/401/labs/31-redux/src/component/expense-form/index.js": {"path":"/mnt/c/Users/alexl/Apprenti/401/labs/31-redux/src/component/expense-form/index.js","statementMap":{"0":{"start":{"line":5,"column":4},"end":{"line":5,"column":17}},"1":{"start":{"line":7,"column":4},"end":{"line":14,"column":5}},"2":{"start":{"line":16,"column":4},"end":{"line":16,"column":53}},"3":{"start":{"line":17,"column":4},"end":{"line":17,"column":53}},"4":{"start":{"line":22,"column":15},"end":{"line":22,"column":28}},"5":{"start":{"line":23,"column":16},"end":{"line":23,"column":30}},"6":{"start":{"line":24,"column":4},"end":{"line":24,"column":37}},"7":{"start":{"line":28,"column":4},"end":{"line":28,"column":23}},"8":{"start":{"line":29,"column":4},"end":{"line":29,"column":28}},"9":{"start":{"line":30,"column":4},"end":{"line":30,"column":57}},"10":{"start":{"line":34,"column":4},"end":{"line":46,"column":5}}},"fnMap":{"0":{"name":"(anonymous_0)","decl":{"start":{"line":4,"column":2},"end":{"line":4,"column":3}},"loc":{"start":{"line":4,"column":21},"end":{"line":19,"column":3}},"line":4},"1":{"name":"(anonymous_1)","decl":{"start":{"line":21,"column":2},"end":{"line":21,"column":3}},"loc":{"start":{"line":21,"column":18},"end":{"line":25,"column":3}},"line":21},"2":{"name":"(anonymous_2)","decl":{"start":{"line":27,"column":2},"end":{"line":27,"column":3}},"loc":{"start":{"line":27,"column":18},"end":{"line":31,"column":3}},"line":27},"3":{"name":"(anonymous_3)","decl":{"start":{"line":33,"column":2},"end":{"line":33,"column":3}},"loc":{"start":{"line":33,"column":11},"end":{"line":47,"column":3}},"line":33}},"branchMap":{"0":{"loc":{"start":{"line":8,"column":13},"end":{"line":8,"column":53}},"type":"cond-expr","locations":[{"start":{"line":8,"column":29},"end":{"line":8,"column":48}},{"start":{"line":8,"column":51},"end":{"line":8,"column":53}}],"line":8},"1":{"loc":{"start":{"line":9,"column":14},"end":{"line":9,"column":55}},"type":"cond-expr","locations":[{"start":{"line":9,"column":30},"end":{"line":9,"column":50}},{"start":{"line":9,"column":53},"end":{"line":9,"column":55}}],"line":9},"2":{"loc":{"start":{"line":10,"column":10},"end":{"line":10,"column":47}},"type":"cond-expr","locations":[{"start":{"line":10,"column":26},"end":{"line":10,"column":42}},{"start":{"line":10,"column":45},"end":{"line":10,"column":47}}],"line":10},"3":{"loc":{"start":{"line":11,"column":17},"end":{"line":11,"column":61}},"type":"cond-expr","locations":[{"start":{"line":11,"column":33},"end":{"line":11,"column":56}},{"start":{"line":11,"column":59},"end":{"line":11,"column":61}}],"line":11},"4":{"loc":{"start":{"line":12,"column":18},"end":{"line":12,"column":60}},"type":"cond-expr","locations":[{"start":{"line":12,"column":37},"end":{"line":12,"column":53}},{"start":{"line":12,"column":56},"end":{"line":12,"column":60}}],"line":12}},"s":{"0":2,"1":2,"2":2,"3":2,"4":2,"5":2,"6":2,"7":0,"8":0,"9":0,"10":4},"f":{"0":2,"1":2,"2":0,"3":4},"b":{"0":[0,2],"1":[0,2],"2":[0,2],"3":[0,2],"4":[0,2]},"_coverageSchema":"332fd63041d2c1bcb487cc26dd0d5f7d97098a6c","hash":"6b30aa6df5ceec4a2c66734b5ee4bd048e792e1f"}
,"/mnt/c/Users/alexl/Apprenti/401/labs/31-redux/src/reducer/category.js": {"path":"/mnt/c/Users/alexl/Apprenti/401/labs/31-redux/src/reducer/category.js","statementMap":{"0":{"start":{"line":1,"column":19},"end":{"line":1,"column":21}},"1":{"start":{"line":4,"column":26},"end":{"line":4,"column":32}},"2":{"start":{"line":6,"column":2},"end":{"line":21,"column":3}},"3":{"start":{"line":8,"column":6},"end":{"line":8,"column":33}},"4":{"start":{"line":11,"column":6},"end":{"line":15,"column":9}},"5":{"start":{"line":12,"column":8},"end":{"line":14,"column":32}},"6":{"start":{"line":13,"column":10},"end":{"line":13,"column":25}},"7":{"start":{"line":14,"column":16},"end":{"line":14,"column":31}},"8":{"start":{"line":18,"column":6},"end":{"line":18,"column":77}},"9":{"start":{"line":18,"column":39},"end":{"line":18,"column":73}},"10":{"start":{"line":20,"column":13},"end":{"line":20,"column":26}}},"fnMap":{"0":{"name":"(anonymous_0)","decl":{"start":{"line":3,"column":15},"end":{"line":3,"column":16}},"loc":{"start":{"line":3,"column":49},"end":{"line":22,"column":1}},"line":3},"1":{"name":"(anonymous_1)","decl":{"start":{"line":11,"column":24},"end":{"line":11,"column":25}},"loc":{"start":{"line":11,"column":36},"end":{"line":15,"column":7}},"line":11},"2":{"name":"(anonymous_2)","decl":{"start":{"line":18,"column":26},"end":{"line":18,"column":27}},"loc":{"start":{"line":18,"column":38},"end":{"line":18,"column":75}},"line":18}},"branchMap":{"0":{"loc":{"start":{"line":3,"column":16},"end":{"line":3,"column":36}},"type":"default-arg","locations":[{"start":{"line":3,"column":24},"end":{"line":3,"column":36}}],"line":3},"1":{"loc":{"start":{"line":6,"column":2},"end":{"line":21,"column":3}},"type":"switch","locations":[{"start":{"line":7,"column":4},"end":{"line":8,"column":33}},{"start":{"line":10,"column":4},"end":{"line":15,"column":9}},{"start":{"line":17,"column":4},"end":{"line":18,"column":77}},{"start":{"line":20,"column":4},"end":{"line":20,"column":26}}],"line":6},"2":{"loc":{"start":{"line":12,"column":8},"end":{"line":14,"column":32}},"type":"if","locations":[{"start":{"line":12,"column":8},"end":{"line":14,"column":32}},{"start":{"line":12,"column":8},"end":{"line":14,"column":32}}],"line":12}},"s":{"0":1,"1":6,"2":6,"3":1,"4":2,"5":2,"6":1,"7":1,"8":2,"9":2,"10":1},"f":{"0":6,"1":2,"2":2},"b":{"0":[0],"1":[1,2,2,1],"2":[1,1]},"_coverageSchema":"332fd63041d2c1bcb487cc26dd0d5f7d97098a6c","hash":"948ec497665738498737185ccc5bc6d0f64dee70"}
,"/mnt/c/Users/alexl/Apprenti/401/labs/31-redux/src/reducer/expense.js": {"path":"/mnt/c/Users/alexl/Apprenti/401/labs/31-redux/src/reducer/expense.js","statementMap":{"0":{"start":{"line":1,"column":19},"end":{"line":1,"column":21}},"1":{"start":{"line":2,"column":19},"end":{"line":2,"column":23}},"2":{"start":{"line":5,"column":26},"end":{"line":5,"column":32}},"3":{"start":{"line":7,"column":2},"end":{"line":40,"column":3}},"4":{"start":{"line":9,"column":6},"end":{"line":12,"column":7}},"5":{"start":{"line":15,"column":26},"end":{"line":15,"column":31}},"6":{"start":{"line":16,"column":6},"end":{"line":16,"column":38}},"7":{"start":{"line":17,"column":6},"end":{"line":17,"column":33}},"8":{"start":{"line":20,"column":21},"end":{"line":20,"column":46}},"9":{"start":{"line":21,"column":6},"end":{"line":21,"column":72}},"10":{"start":{"line":24,"column":6},"end":{"line":24,"column":63}},"11":{"start":{"line":24,"column":28},"end":{"line":24,"column":62}},"12":{"start":{"line":25,"column":6},"end":{"line":25,"column":38}},"13":{"start":{"line":26,"column":25},"end":{"line":26,"column":50}},"14":{"start":{"line":28,"column":6},"end":{"line":28,"column":99}},"15":{"start":{"line":28,"column":54},"end":{"line":28,"column":95}},"16":{"start":{"line":29,"column":6},"end":{"line":29,"column":62}},"17":{"start":{"line":32,"column":6},"end":{"line":36,"column":9}},"18":{"start":{"line":33,"column":8},"end":{"line":35,"column":33}},"19":{"start":{"line":34,"column":10},"end":{"line":34,"column":25}},"20":{"start":{"line":35,"column":17},"end":{"line":35,"column":31}},"21":{"start":{"line":37,"column":6},"end":{"line":37,"column":62}},"22":{"start":{"line":39,"column":13},"end":{"line":39,"column":26}}},"fnMap":{"0":{"name":"(anonymous_0)","decl":{"start":{"line":4,"column":15},"end":{"line":4,"column":16}},"loc":{"start":{"line":4,"column":49},"end":{"line":41,"column":1}},"line":4},"1":{"name":"(anonymous_1)","decl":{"start":{"line":28,"column":41},"end":{"line":28,"column":42}},"loc":{"start":{"line":28,"column":52},"end":{"line":28,"column":97}},"line":28},"2":{"name":"(anonymous_2)","decl":{"start":{"line":32,"column":51},"end":{"line":32,"column":52}},"loc":{"start":{"line":32,"column":62},"end":{"line":36,"column":7}},"line":32}},"branchMap":{"0":{"loc":{"start":{"line":4,"column":16},"end":{"line":4,"column":36}},"type":"default-arg","locations":[{"start":{"line":4,"column":24},"end":{"line":4,"column":36}}],"line":4},"1":{"loc":{"start":{"line":7,"column":2},"end":{"line":40,"column":3}},"type":"switch","locations":[{"start":{"line":8,"column":4},"end":{"line":12,"column":7}},{"start":{"line":14,"column":4},"end":{"line":17,"column":33}},{"start":{"line":19,"column":4},"end":{"line":21,"column":72}},{"start":{"line":23,"column":4},"end":{"line":29,"column":62}},{"start":{"line":31,"column":4},"end":{"line":37,"column":62}},{"start":{"line":39,"column":4},"end":{"line":39,"column":26}}],"line":7},"2":{"loc":{"start":{"line":24,"column":6},"end":{"line":24,"column":63}},"type":"if","locations":[{"start":{"line":24,"column":6},"end":{"line":24,"column":63}},{"start":{"line":24,"column":6},"end":{"line":24,"column":63}}],"line":24},"3":{"loc":{"start":{"line":33,"column":8},"end":{"line":35,"column":33}},"type":"if","locations":[{"start":{"line":33,"column":8},"end":{"line":35,"column":33}},{"start":{"line":33,"column":8},"end":{"line":35,"column":33}}],"line":33}},"s":{"0":1,"1":1,"2":7,"3":7,"4":1,"5":1,"6":1,"7":1,"8":1,"9":1,"10":1,"11":1,"12":1,"13":1,"14":1,"15":1,"16":1,"17":2,"18":2,"19":1,"20":1,"21":2,"22":1},"f":{"0":7,"1":1,"2":2},"b":{"0":[0],"1":[1,1,1,1,2,1],"2":[1,0],"3":[1,1]},"_coverageSchema":"332fd63041d2c1bcb487cc26dd0d5f7d97098a6c","hash":"f4e37098e002305f7d1d92af32e21775eca27dd0"}
}
