TN:
SF:/mnt/c/Users/alexl/Apprenti/401/labs/31-redux/src/action/category-actions.js
FN:3,(anonymous_0)
FN:13,(anonymous_1)
FN:20,(anonymous_2)
FNF:3
FNH:3
FNDA:2,(anonymous_0)
FNDA:2,(anonymous_1)
FNDA:2,(anonymous_2)
DA:3,1
DA:4,2
DA:5,2
DA:7,2
DA:13,1
DA:14,2
DA:20,1
DA:22,2
LF:8
LH:8
BRF:0
BRH:0
end_of_record
TN:
SF:/mnt/c/Users/alexl/Apprenti/401/labs/31-redux/src/action/expense-actions.js
FN:3,(anonymous_0)
FN:13,(anonymous_1)
FN:20,(anonymous_2)
FNF:3
FNH:3
FNDA:2,(anonymous_0)
FNDA:2,(anonymous_1)
FNDA:2,(anonymous_2)
DA:3,1
DA:4,2
DA:5,2
DA:7,2
DA:13,1
DA:14,2
DA:20,1
DA:22,2
LF:8
LH:8
BRF:0
BRH:0
end_of_record
TN:
SF:/mnt/c/Users/alexl/Apprenti/401/labs/31-redux/src/component/category-form/index.js
FN:4,(anonymous_0)
FN:20,(anonymous_1)
FN:26,(anonymous_2)
FN:31,(anonymous_3)
FNF:4
FNH:3
FNDA:2,(anonymous_0)
FNDA:2,(anonymous_1)
FNDA:0,(anonymous_2)
FNDA:4,(anonymous_3)
DA:5,2
DA:7,2
DA:15,2
DA:16,2
DA:21,2
DA:22,2
DA:23,2
DA:27,0
DA:28,0
DA:32,4
LF:10
LH:8
BRDA:8,0,0,0
BRDA:8,0,1,2
BRDA:9,1,0,0
BRDA:9,1,1,2
BRDA:10,2,0,0
BRDA:10,2,1,2
BRDA:11,3,0,0
BRDA:11,3,1,2
BRF:8
BRH:4
end_of_record
TN:
SF:/mnt/c/Users/alexl/Apprenti/401/labs/31-redux/src/component/expense-form/index.js
FN:4,(anonymous_0)
FN:21,(anonymous_1)
FN:27,(anonymous_2)
FN:33,(anonymous_3)
FNF:4
FNH:3
FNDA:2,(anonymous_0)
FNDA:2,(anonymous_1)
FNDA:0,(anonymous_2)
FNDA:4,(anonymous_3)
DA:5,2
DA:7,2
DA:16,2
DA:17,2
DA:22,2
DA:23,2
DA:24,2
DA:28,0
DA:29,0
DA:30,0
DA:34,4
LF:11
LH:8
BRDA:8,0,0,0
BRDA:8,0,1,2
BRDA:9,1,0,0
BRDA:9,1,1,2
BRDA:10,2,0,0
BRDA:10,2,1,2
BRDA:11,3,0,0
BRDA:11,3,1,2
BRDA:12,4,0,0
BRDA:12,4,1,2
BRF:10
BRH:5
end_of_record
TN:
SF:/mnt/c/Users/alexl/Apprenti/401/labs/31-redux/src/reducer/category.js
FN:3,(anonymous_0)
FN:11,(anonymous_1)
FN:18,(anonymous_2)
FNF:3
FNH:3
FNDA:6,(anonymous_0)
FNDA:2,(anonymous_1)
FNDA:2,(anonymous_2)
DA:1,1
DA:4,6
DA:6,6
DA:8,1
DA:11,2
DA:12,2
DA:13,1
DA:14,1
DA:18,2
DA:20,1
LF:10
LH:10
BRDA:3,0,0,0
BRDA:6,1,0,1
BRDA:6,1,1,2
BRDA:6,1,2,2
BRDA:6,1,3,1
BRDA:12,2,0,1
BRDA:12,2,1,1
BRF:7
BRH:6
end_of_record
TN:
SF:/mnt/c/Users/alexl/Apprenti/401/labs/31-redux/src/reducer/expense.js
FN:4,(anonymous_0)
FN:28,(anonymous_1)
FN:32,(anonymous_2)
FNF:3
FNH:3
FNDA:7,(anonymous_0)
FNDA:1,(anonymous_1)
FNDA:2,(anonymous_2)
DA:1,1
DA:2,1
DA:5,7
DA:7,7
DA:9,1
DA:15,1
DA:16,1
DA:17,1
DA:20,1
DA:21,1
DA:24,1
DA:25,1
DA:26,1
DA:28,1
DA:29,1
DA:32,2
DA:33,2
DA:34,1
DA:35,1
DA:37,2
DA:39,1
LF:21
LH:21
BRDA:4,0,0,0
BRDA:7,1,0,1
BRDA:7,1,1,1
BRDA:7,1,2,1
BRDA:7,1,3,1
BRDA:7,1,4,2
BRDA:7,1,5,1
BRDA:24,2,0,1
BRDA:24,2,1,0
BRDA:33,3,0,1
BRDA:33,3,1,1
BRF:11
BRH:9
end_of_record
